============================= test session starts ==============================
platform linux -- Python 3.11.6, pytest-9.0.3, pluggy-1.6.0 -- /usr/bin/python3
cachedir: .pytest_cache
rootdir: /data/workspace/github/eyjian/ai-rd-team/prototype/01-basic-team/results/artifacts
collecting ... collected 26 items

test_calculator.py::test_add[1-2-3] PASSED                               [  3%]
test_calculator.py::test_add[-5-5-0] PASSED                              [  7%]
test_calculator.py::test_add[0-0-0] PASSED                               [ 11%]
test_calculator.py::test_sub[5-3-2] PASSED                               [ 15%]
test_calculator.py::test_sub[0-7--7] PASSED                              [ 19%]
test_calculator.py::test_sub[-2--3-1] PASSED                             [ 23%]
test_calculator.py::test_mul[2-3-6] PASSED                               [ 26%]
test_calculator.py::test_mul[-4-5--20] PASSED                            [ 30%]
test_calculator.py::test_mul[0-100-0] PASSED                             [ 34%]
test_calculator.py::test_div[10-2-5] PASSED                              [ 38%]
test_calculator.py::test_div[9-3-3] PASSED                               [ 42%]
test_calculator.py::test_div[-8-4--2] PASSED                             [ 46%]
test_calculator.py::test_float_operations[+-0.1-0.2-0.3] PASSED          [ 50%]
test_calculator.py::test_float_operations[--1.5-0.5-1.0] PASSED          [ 53%]
test_calculator.py::test_float_operations[*-2.5-4.0-10.0] PASSED         [ 57%]
test_calculator.py::test_float_operations[/-1.0-4.0-0.25] PASSED         [ 61%]
test_calculator.py::test_division_by_zero_raises[1] PASSED               [ 65%]
test_calculator.py::test_division_by_zero_raises[0] PASSED               [ 69%]
test_calculator.py::test_division_by_zero_raises[-5] PASSED              [ 73%]
test_calculator.py::test_division_by_zero_raises[3.14] PASSED            [ 76%]
test_calculator.py::test_unsupported_operator_raises[%] PASSED           [ 80%]
test_calculator.py::test_unsupported_operator_raises[^] PASSED           [ 84%]
test_calculator.py::test_unsupported_operator_raises[**] PASSED          [ 88%]
test_calculator.py::test_unsupported_operator_raises[] PASSED            [ 92%]
test_calculator.py::test_unsupported_operator_raises[add] PASSED         [ 96%]
test_calculator.py::test_unsupported_operator_raises[//] PASSED          [100%]

============================== 26 passed in 0.03s ==============================
